=== Profile: base
=== Modules: cpe/25.09 PrgEnv-amd cray-mpich/9.0.1 craype-x86-trento craype-accel-amd-gfx90a afar/22.2.0-8873
Switching PrgEnv-cray.
Unloading the cpe module is insufficient to restore the system defaults.
Please run 'source
/opt/cray/pe/cpe/25.09/restore_lmod_system_defaults.[csh|sh]'. 
 
Sourcing the above script is not necessary if swapping the cpe module with a
different version. 
Lmod has detected the following error: These module(s) or extension(s) exist
but cannot be loaded as requested: "xpmem", "libfabric", "hsi", "cpe/25.09",
"cray-pmi/6.1.16", "tmux", "PrgEnv-cray", "craype-network-ofi",
"perftools-base/25.09.0", "Core", "DefApps", "cce/20.0.0", "lfs-wrapper"
   Try: "module spider xpmem libfabric hsi cpe/25.09 cray-pmi/6.1.16 tmux
PrgEnv-cray craype-network-ofi perftools-base/25.09.0 Core DefApps cce/20.0.0
lfs-wrapper" to see how to load the module(s).



Switching cray-dsmml.
Lmod has detected the following error: These module(s) or extension(s) exist
but cannot be loaded as requested: "cray-dsmml"
   Try: "module spider cray-dsmml" to see how to load the module(s).



Switching cray-libsci.
Lmod has detected the following error: These module(s) or extension(s) exist
but cannot be loaded as requested: "cray-libsci"
   Try: "module spider cray-libsci" to see how to load the module(s).



Switching cray-mpich.
Unloading the cpe module is insufficient to restore the system defaults.
Please run 'source
/opt/cray/pe/cpe/25.09/restore_lmod_system_defaults.[csh|sh]'. 
 
Sourcing the above script is not necessary if swapping the cpe module with a
different version. 
