=== Profile: base
=== Modules: cpe/25.09 PrgEnv-amd cray-mpich/9.0.1 craype-x86-trento craype-accel-amd-gfx90a afar-prgenv/22.2.0-8873

The following have been reloaded with a version change:
  1) cce/20.0.0 => cce/18.0.1
  2) cray-dsmml/0.3.1 => cray-dsmml/0.3.0
  3) cray-libsci/25.09.0 => cray-libsci/24.11.0
  4) cray-mpich/9.0.1 => cray-mpich/8.1.31
  5) cray-pmi/6.1.16 => cray-pmi/6.1.15
  6) craype/2.7.35 => craype/2.7.33
  7) darshan-runtime/3.4.7-mpi => darshan-runtime/3.4.6-mpi
  8) perftools-base/25.09.0 => perftools-base/24.11.0

/opt/cray/pe/lmod/lmod/init/bash: line 113: : command not found
/opt/cray/pe/lmod/lmod/init/bash: line 113: : command not found

The following have been reloaded with a version change:
  1) cce/18.0.1 => cce/20.0.0
  2) cray-dsmml/0.3.0 => cray-dsmml/0.3.1
  3) cray-libsci/24.11.0 => cray-libsci/25.09.0
  4) cray-mpich/8.1.31 => cray-mpich/9.0.1
  5) cray-pmi/6.1.15 => cray-pmi/6.1.16
  6) craype/2.7.33 => craype/2.7.35
  7) darshan-runtime/3.4.6-mpi => darshan-runtime/3.4.7-mpi
  8) perftools-base/24.11.0 => perftools-base/25.09.0


Lmod is automatically replacing "cce/20.0.0" with "amd/6.4.2".


Lmod is automatically replacing "PrgEnv-cray/8.6.0" with "PrgEnv-amd/8.6.0".


Inactive Modules:
  1) darshan-runtime

Due to MODULEPATH changes, the following have been reloaded:
  1) cray-libsci/25.09.0     2) cray-mpich/9.0.1

NOTE: disabling Cray MPICH GTL pkg-config vars to avoid ROCm 6 libamdhip64
dependency. 
NOTE: clearing CRAY_ACCEL_TARGET/CRAY_ACCEL_VENDOR because CrayPE offload flags
use -Xopenmp-target which AFAR flang does not accept. AFAR will add
--offload-arch=gfx90a for ftn/cc/CC when -fopenmp is used. 

Currently Loaded Modules:
  1) libfabric/1.22.0                12) craype/2.7.35
  2) craype-network-ofi              13) cray-dsmml/0.3.1
  3) xpmem/2.11.3-1.3_gdbda01a1eb3d  14) cray-libsci/25.09.0
  4) Core/25.03                      15) PrgEnv-amd/8.6.0
  5) tmux/3.4                        16) cray-mpich/9.0.1
  6) hsi/default                     17) craype-x86-trento
  7) lfs-wrapper/0.0.1               18) craype-accel-amd-gfx90a
  8) DefApps                         19) afar-rocm/22.2.0-8873
  9) cray-pmi/6.1.16                 20) afar-amd/22.2.0-8873
 10) perftools-base/25.09.0          21) afar-prgenv/22.2.0-8873
 11) cpe/25.09

Inactive Modules:
  1) darshan-runtime

 

==> cmake-mpi-omp
-- The C compiler identification is Clang 22.0.0
-- The Fortran compiler identification is unknown
flang-22: error: unknown argument '-dynamic'; did you mean '-rdynamic'?
-- Cray Programming Environment 2.7.35 C
-- Detecting C compiler ABI info
-- Detecting C compiler ABI info - done
-- Check for working C compiler: /autofs/nccs-svm1_home2/oscarh/co/flang/afar_modules/bin/cc - skipped
-- Detecting C compile features
-- Detecting C compile features - done
-- Detecting Fortran compiler ABI info
-- Detecting Fortran compiler ABI info - failed
-- Check for working Fortran compiler: /autofs/nccs-svm1_home2/oscarh/co/flang/afar_modules/bin/ftn
-- Check for working Fortran compiler: /autofs/nccs-svm1_home2/oscarh/co/flang/afar_modules/bin/ftn - broken
CMake Error at /usr/share/cmake/Modules/CMakeTestFortranCompiler.cmake:59 (message):
  The Fortran compiler

    "/autofs/nccs-svm1_home2/oscarh/co/flang/afar_modules/bin/ftn"

  is not able to compile a simple test program.

  It fails with the following output:

    Change Dir: '/autofs/nccs-svm1_home2/oscarh/co/flang/repro/cmake-mpi-omp/build/base/CMakeFiles/CMakeScratch/TryCompile-uOhdh4'
    
    Run Build Command(s): /usr/bin/cmake -E env VERBOSE=1 /usr/bin/gmake -f Makefile cmTC_8307d/fast
    /usr/bin/gmake  -f CMakeFiles/cmTC_8307d.dir/build.make CMakeFiles/cmTC_8307d.dir/build
    gmake[1]: Entering directory '/autofs/nccs-svm1_home2/oscarh/co/flang/repro/cmake-mpi-omp/build/base/CMakeFiles/CMakeScratch/TryCompile-uOhdh4'
    Building Fortran object CMakeFiles/cmTC_8307d.dir/testFortranCompiler.f.o
    /autofs/nccs-svm1_home2/oscarh/co/flang/afar_modules/bin/ftn    -c /autofs/nccs-svm1_home2/oscarh/co/flang/repro/cmake-mpi-omp/build/base/CMakeFiles/CMakeScratch/TryCompile-uOhdh4/testFortranCompiler.f -o CMakeFiles/cmTC_8307d.dir/testFortranCompiler.f.o
    flang-22: error: unknown argument '-dynamic'; did you mean '-rdynamic'?
    gmake[1]: *** [CMakeFiles/cmTC_8307d.dir/build.make:78: CMakeFiles/cmTC_8307d.dir/testFortranCompiler.f.o] Error 1
    gmake[1]: Leaving directory '/autofs/nccs-svm1_home2/oscarh/co/flang/repro/cmake-mpi-omp/build/base/CMakeFiles/CMakeScratch/TryCompile-uOhdh4'
    gmake: *** [Makefile:127: cmTC_8307d/fast] Error 2
    
    

  

  CMake will not be able to correctly generate this project.
Call Stack (most recent call first):
  CMakeLists.txt:2 (project)


-- Configuring incomplete, errors occurred!
FAIL: base -> cmake-mpi-omp
