=== Profile: base
=== Modules: cpe/25.09 PrgEnv-amd cray-mpich/9.0.1 craype-x86-trento craype-accel-amd-gfx90a afar/22.2.0-8873

The following have been reloaded with a version change:
  1) cce/20.0.0 => cce/18.0.1
  2) cray-dsmml/0.3.1 => cray-dsmml/0.3.0
  3) cray-libsci/25.09.0 => cray-libsci/24.11.0
  4) cray-mpich/9.0.1 => cray-mpich/8.1.31
  5) cray-pmi/6.1.16 => cray-pmi/6.1.15
  6) craype/2.7.35 => craype/2.7.33
  7) darshan-runtime/3.4.7-mpi => darshan-runtime/3.4.6-mpi
  8) perftools-base/25.09.0 => perftools-base/24.11.0

/opt/cray/pe/lmod/lmod/init/bash: line 113: : command not found

The following have been reloaded with a version change:
  1) cce/18.0.1 => cce/20.0.0
  2) cray-dsmml/0.3.0 => cray-dsmml/0.3.1
  3) cray-libsci/24.11.0 => cray-libsci/25.09.0
  4) cray-mpich/8.1.31 => cray-mpich/9.0.1
  5) cray-pmi/6.1.15 => cray-pmi/6.1.16
  6) craype/2.7.33 => craype/2.7.35
  7) darshan-runtime/3.4.6-mpi => darshan-runtime/3.4.7-mpi
  8) perftools-base/24.11.0 => perftools-base/25.09.0


Lmod is automatically replacing "cce/20.0.0" with "amd/6.4.2".


Lmod is automatically replacing "PrgEnv-cray/8.6.0" with "PrgEnv-amd/8.6.0".


Inactive Modules:
  1) darshan-runtime

Due to MODULEPATH changes, the following have been reloaded:
  1) cray-libsci/25.09.0     2) cray-mpich/9.0.1


Currently Loaded Modules:
  1) libfabric/1.22.0                11) cpe/25.09
  2) craype-network-ofi              12) amd/6.4.2
  3) xpmem/2.11.3-1.3_gdbda01a1eb3d  13) craype/2.7.35
  4) Core/25.03                      14) cray-dsmml/0.3.1
  5) tmux/3.4                        15) cray-libsci/25.09.0
  6) hsi/default                     16) PrgEnv-amd/8.6.0
  7) lfs-wrapper/0.0.1               17) cray-mpich/9.0.1
  8) DefApps                         18) craype-x86-trento
  9) cray-pmi/6.1.16                 19) craype-accel-amd-gfx90a
 10) perftools-base/25.09.0          20) afar/22.2.0-8873

Inactive Modules:
  1) darshan-runtime

 

==> cmake-mpi-omp
-- The C compiler identification is Clang 19.0.0
-- The Fortran compiler identification is Flang 99.99.1
-- Cray Programming Environment 2.7.35 C
-- Detecting C compiler ABI info
-- Detecting C compiler ABI info - done
-- Check for working C compiler: /opt/cray/pe/craype/2.7.35/bin/cc - skipped
-- Detecting C compile features
-- Detecting C compile features - done
-- Cray Programming Environment 2.7.35 Fortran
-- Detecting Fortran compiler ABI info
-- Detecting Fortran compiler ABI info - done
-- Check for working Fortran compiler: /opt/cray/pe/craype/2.7.35/bin/ftn - skipped
-- Found MPI_C: /opt/cray/pe/craype/2.7.35/bin/cc (found version "4.0") 
-- Found MPI_Fortran: /opt/cray/pe/craype/2.7.35/bin/ftn (found version "4.0") 
-- Found MPI: TRUE (found version "4.0")  
-- Found OpenMP_C: -fopenmp=libomp (found version "5.1") 
-- Found OpenMP_Fortran: -fopenmp (found version "4.0") 
-- Found OpenMP: TRUE (found version "5.1")  
-- Configuring done (12.3s)
-- Generating done (0.0s)
-- Build files have been written to: /autofs/nccs-svm1_home2/oscarh/co/flang/repro/cmake-mpi-omp/build/base
[ 25%] Building C object CMakeFiles/c_hello.dir/hello.c.o
[ 50%] Building Fortran object CMakeFiles/f_hello.dir/hello.f90.o
[ 75%] Linking C executable c_hello
[100%] Linking Fortran executable f_hello
[100%] Built target c_hello
[100%] Built target f_hello
==> compile-only
==> mpi-hello
==> omp-c
==> omp-f90
clang: error: unable to execute command: Segmentation fault (core dumped)
clang: error: unable to execute command: Segmentation fault (core dumped)
clang: error: flang frontend command failed due to signal (use -v to see invocation)
clang: error: flang frontend command failed due to signal (use -v to see invocation)
flang-classic version 19.0.0 (/longer_pathname_so_that_rpms_can_support_packaging_the_debug_info_for_all_os_profiles/src/openmp-extras/flang/flang-legacy/17.0-4/llvm-legacy/clang 390169508a03cecf85d43f5cee41e223355f598f)
Target: x86_64-unknown-linux-gnu
Thread model: posix
InstalledDir: /opt/rocm-6.4.2/lib/llvm/bin
clang: note: diagnostic msg: Error generating preprocessed source(s).
FAIL: base -> omp-f90
