=== Profile: base
=== Modules: cpe/25.09 PrgEnv-amd cray-mpich/9.0.1 craype-x86-trento craype-accel-amd-gfx90a afar-prgenv/22.2.0-8873

The following have been reloaded with a version change:
  1) cce/20.0.0 => cce/18.0.1
  2) cray-dsmml/0.3.1 => cray-dsmml/0.3.0
  3) cray-libsci/25.09.0 => cray-libsci/24.11.0
  4) cray-mpich/9.0.1 => cray-mpich/8.1.31
  5) cray-pmi/6.1.16 => cray-pmi/6.1.15
  6) craype/2.7.35 => craype/2.7.33
  7) darshan-runtime/3.4.7-mpi => darshan-runtime/3.4.6-mpi
  8) perftools-base/25.09.0 => perftools-base/24.11.0

/opt/cray/pe/lmod/lmod/init/bash: line 113: : command not found
/opt/cray/pe/lmod/lmod/init/bash: line 113: : command not found

The following have been reloaded with a version change:
  1) cce/18.0.1 => cce/20.0.0
  2) cray-dsmml/0.3.0 => cray-dsmml/0.3.1
  3) cray-libsci/24.11.0 => cray-libsci/25.09.0
  4) cray-mpich/8.1.31 => cray-mpich/9.0.1
  5) cray-pmi/6.1.15 => cray-pmi/6.1.16
  6) craype/2.7.33 => craype/2.7.35
  7) darshan-runtime/3.4.6-mpi => darshan-runtime/3.4.7-mpi
  8) perftools-base/24.11.0 => perftools-base/25.09.0


Lmod is automatically replacing "cce/20.0.0" with "amd/6.4.2".


Lmod is automatically replacing "PrgEnv-cray/8.6.0" with "PrgEnv-amd/8.6.0".


Inactive Modules:
  1) darshan-runtime

Due to MODULEPATH changes, the following have been reloaded:
  1) cray-libsci/25.09.0     2) cray-mpich/9.0.1

NOTE: disabling Cray MPICH GTL pkg-config vars to avoid ROCm 6 libamdhip64
dependency. 
NOTE: clearing CRAYPE_LINK_TYPE=dynamic to avoid -dynamic with AFAR flang.
NOTE: clearing CRAY_ACCEL_TARGET/CRAY_ACCEL_VENDOR because CrayPE offload flags
use -Xopenmp-target which AFAR flang does not accept. AFAR will add
--offload-arch=gfx90a for ftn/cc/CC when -fopenmp is used. 

Currently Loaded Modules:
  1) libfabric/1.22.0                12) craype/2.7.35
  2) craype-network-ofi              13) cray-dsmml/0.3.1
  3) xpmem/2.11.3-1.3_gdbda01a1eb3d  14) cray-libsci/25.09.0
  4) Core/25.03                      15) PrgEnv-amd/8.6.0
  5) tmux/3.4                        16) cray-mpich/9.0.1
  6) hsi/default                     17) craype-x86-trento
  7) lfs-wrapper/0.0.1               18) craype-accel-amd-gfx90a
  8) DefApps                         19) afar-rocm/22.2.0-8873
  9) cray-pmi/6.1.16                 20) afar-amd/22.2.0-8873
 10) perftools-base/25.09.0          21) afar-prgenv/22.2.0-8873
 11) cpe/25.09

Inactive Modules:
  1) darshan-runtime

 

==> cmake-mpi-omp
-- Cray Programming Environment 2.7.35 C
-- Cray Programming Environment 2.7.35 Fortran
-- Configuring done (7.9s)
-- Generating done (0.2s)
-- Build files have been written to: /autofs/nccs-svm1_home2/oscarh/co/flang/repro/cmake-mpi-omp/build/base
[ 25%] Building C object CMakeFiles/c_hello.dir/hello.c.o
[ 50%] Building Fortran object CMakeFiles/f_hello.dir/hello.f90.o
[ 75%] Linking C executable c_hello
ld.lld: error: /autofs/nccs-svm1_sw/crusher/ums/compilers/afar/rocm-afar-8873-drop-22.2.0/lib/llvm/lib/amdgcn-amd-amdhsa/libompdevice.a(libomptarget-amdgpu.bc) is incompatible with elf64-x86-64
clang: error: linker command failed with exit code 1 (use -v to see invocation)
gmake[2]: *** [CMakeFiles/c_hello.dir/build.make:98: c_hello] Error 1
gmake[1]: *** [CMakeFiles/Makefile2:85: CMakeFiles/c_hello.dir/all] Error 2
gmake[1]: *** Waiting for unfinished jobs....
[100%] Linking Fortran executable f_hello
ld.lld: error: /autofs/nccs-svm1_sw/crusher/ums/compilers/afar/rocm-afar-8873-drop-22.2.0/lib/llvm/lib/amdgcn-amd-amdhsa/libompdevice.a(libomptarget-amdgpu.bc) is incompatible with elf64-x86-64
flang-22: error: linker command failed with exit code 1 (use -v to see invocation)
gmake[2]: *** [CMakeFiles/f_hello.dir/build.make:97: f_hello] Error 1
gmake[1]: *** [CMakeFiles/Makefile2:111: CMakeFiles/f_hello.dir/all] Error 2
gmake: *** [Makefile:91: all] Error 2
FAIL: base -> cmake-mpi-omp
==> compile-only
==> mpi-hello
==> omp-c
==> omp-f90
